Run started on Wed Apr 12 14:13:39 2023

Hostname: csx3.cs.ucalgary.ca

-------------------------------------------------------------------------------
Running make |
--------------

% /usr/bin/make

STDOUT:
/usr/bin/make -C Scanner
make[1]: Entering directory '/home/ugb/jay.chuang1/golf-compiler/Scanner'
make[1]: Nothing to be done for 'all'.
make[1]: Leaving directory '/home/ugb/jay.chuang1/golf-compiler/Scanner'
/usr/bin/make -C Utility
make[1]: Entering directory '/home/ugb/jay.chuang1/golf-compiler/Utility'
make[1]: Nothing to be done for 'all'.
make[1]: Leaving directory '/home/ugb/jay.chuang1/golf-compiler/Utility'
/usr/bin/make -C Parser
make[1]: Entering directory '/home/ugb/jay.chuang1/golf-compiler/Parser'
make[1]: Nothing to be done for 'all'.
make[1]: Leaving directory '/home/ugb/jay.chuang1/golf-compiler/Parser'
/usr/bin/make -C SemanticChecker
make[1]: Entering directory '/home/ugb/jay.chuang1/golf-compiler/SemanticChecker'
make[1]: Nothing to be done for 'all'.
make[1]: Leaving directory '/home/ugb/jay.chuang1/golf-compiler/SemanticChecker'
/usr/bin/make -C Generator
make[1]: Entering directory '/home/ugb/jay.chuang1/golf-compiler/Generator'
g++ -o backend_asm.o -c backend_asm.cpp -MMD -MF backend_asm.d
make[1]: Leaving directory '/home/ugb/jay.chuang1/golf-compiler/Generator'
g++ -o main.o -c main.cpp -MMD -MF main.d
g++ -o golf main.o Scanner/scanner.o Scanner/token.o Utility/utility.o Parser/ast.o Parser/parser.o SemanticChecker/semantic.o SemanticChecker/stab.o Generator/backend_asm.o


STDERR:


RETURN CODE: 0

-------------------------------------------------------------------------------
Locating GoLF compiler |
------------------------

Compiler will be run as ./golf

-------------------------------------------------------------------------------
Test: too few arguments |
-------------------------

% ./golf

STDOUT:


STDERR:
Error: Requires 1 input file


RETURN CODE: 0

-------------------------------------------------------------------------------
Test: too many arguments |
--------------------------

% ./golf /dev/null /dev/zero

STDOUT:


STDERR:
Error: Requires 1 input file


RETURN CODE: 0

-------------------------------------------------------------------------------
Test: nonexistent file |
------------------------

% ./golf /i/do/not/exist

STDOUT:


STDERR:
Error: file '/i/do/not/exist' could not be opened


RETURN CODE: 1

-------------------------------------------------------------------------------
Test: hello, world |
--------------------

% ./golf /home/profs/aycock/411/TEST/final/gen.t1 > out.s

STDERR:


RETURN CODE: 0

% /home/profs/aycock/411/bin/spim -file out.s

STDOUT:
Loaded: /home/profs/aycock/411/sw/share/spim/exceptions.s
The following symbols are undefined:
Lhalt
Lprints



STDERR:
spim: (parser) Can't put data in text segment on line 39 of file out.s
	  .asciiz "true
"

	                 ^
spim: (parser) Can't put data in text segment on line 40 of file out.s
	  .asciiz "false
"

	                  ^
spim: (parser) syntax error on line 44 of file out.s
	  li $a0, true_str

	                  ^
Instruction references undefined symbol at 0x00400040
  [0x00400040]	0x0c000000  jal 0x00000000 [Lprints]        ; 32: jal Lprints


RETURN CODE: 0

-------------------------------------------------------------------------------
Test: var init in loop block |
------------------------------

% ./golf /home/profs/aycock/411/TEST/final/gen.t2 > out.s

STDERR:


RETURN CODE: 0

% /home/profs/aycock/411/bin/spim -file out.s

STDOUT:
Loaded: /home/profs/aycock/411/sw/share/spim/exceptions.s
The following symbols are undefined:
Lhalt
Lprintc
Lprinti
Lprints



STDERR:
spim: (parser) Can't put data in text segment on line 70 of file out.s
	  .asciiz "true
"

	                 ^
spim: (parser) Can't put data in text segment on line 71 of file out.s
	  .asciiz "false
"

	                  ^
spim: (parser) syntax error on line 75 of file out.s
	  li $a0, true_str

	                  ^
Instruction references undefined symbol at 0x00400064
  [0x00400064]	0x0c000000  jal 0x00000000 [Lprints]        ; 42: jal Lprints


RETURN CODE: 0

-------------------------------------------------------------------------------
Test: zero values |
-------------------

% ./golf /home/profs/aycock/411/TEST/final/gen.t3 > out.s

STDERR:


RETURN CODE: 0

% /home/profs/aycock/411/bin/spim -file out.s

STDOUT:
Loaded: /home/profs/aycock/411/sw/share/spim/exceptions.s
The following symbols are undefined:
Lhalt
Lprintc
Lprinti
Lprints



STDERR:
spim: (parser) Can't put data in text segment on line 303 of file out.s
	  .asciiz "true
"

	                 ^
spim: (parser) Can't put data in text segment on line 304 of file out.s
	  .asciiz "false
"

	                  ^
spim: (parser) syntax error on line 308 of file out.s
	  li $a0, true_str

	                  ^
Instruction references undefined symbol at 0x0040005c
  [0x0040005c]	0x0c000000  jal 0x00000000 [Lprints]        ; 143: jal Lprints


RETURN CODE: 0

-------------------------------------------------------------------------------
Test: nested function calls |
-----------------------------

% ./golf /home/profs/aycock/411/TEST/final/gen.t4 > out.s

STDERR:


RETURN CODE: 0

% /home/profs/aycock/411/bin/spim -file out.s

STDOUT:
Loaded: /home/profs/aycock/411/sw/share/spim/exceptions.s
The following symbols are undefined:
Lhalt
Lprinti
Lprints



STDERR:
spim: (parser) Can't put data in text segment on line 121 of file out.s
	  .asciiz "true
"

	                 ^
spim: (parser) Can't put data in text segment on line 122 of file out.s
	  .asciiz "false
"

	                  ^
spim: (parser) syntax error on line 126 of file out.s
	  li $a0, true_str

	                  ^
Instruction references undefined symbol at 0x004001a0
  [0x004001a0]	0x0c000000  jal 0x00000000 [Lprinti]        ; 111: jal Lprinti


RETURN CODE: 0

-------------------------------------------------------------------------------
Test: recursive Fibonacci |
---------------------------

% ./golf /home/profs/aycock/411/TEST/final/gen.t5 > out.s

STDERR:
Error: unexpected }, expected ; at or near line 20


RETURN CODE: 1

(GoLF compiler unsuccessful, skipping test)

-------------------------------------------------------------------------------
Test: iterative Fibonacci |
---------------------------

% ./golf /home/profs/aycock/411/TEST/final/gen.t6 > out.s

STDERR:


RETURN CODE: 0

% /home/profs/aycock/411/bin/spim -file out.s

STDOUT:
Loaded: /home/profs/aycock/411/sw/share/spim/exceptions.s
The following symbols are undefined:
Lhalt
Lprinti
Lprints



STDERR:
spim: (parser) Can't put data in text segment on line 111 of file out.s
	  .asciiz "true
"

	                 ^
spim: (parser) Can't put data in text segment on line 112 of file out.s
	  .asciiz "false
"

	                  ^
spim: (parser) syntax error on line 116 of file out.s
	  li $a0, true_str

	                  ^
Instruction references undefined symbol at 0x00400068
  [0x00400068]	0x0c000000  jal 0x00000000 [Lprints]        ; 67: jal Lprints


RETURN CODE: 0

-------------------------------------------------------------------------------
Test: string reversal |
-----------------------

% ./golf /home/profs/aycock/411/TEST/final/gen.t7 > out.s

STDERR:


RETURN CODE: 0

% /home/profs/aycock/411/bin/spim -file out.s < /home/profs/aycock/411/TEST/final/input/gen.t7.in

STDIN:
A man, a plan, a canal: Panama.


STDOUT:
Loaded: /home/profs/aycock/411/sw/share/spim/exceptions.s
The following symbols are undefined:
Lhalt
Lprintc
Lgetchar



STDERR:
spim: (parser) Can't put data in text segment on line 45 of file out.s
	  .asciiz "true
"

	                 ^
spim: (parser) Can't put data in text segment on line 46 of file out.s
	  .asciiz "false
"

	                  ^
spim: (parser) syntax error on line 50 of file out.s
	  li $a0, true_str

	                  ^
Instruction references undefined symbol at 0x0040003c
  [0x0040003c]	0x0c000000  jal 0x00000000 [Lgetchar]       ; 17: jal Lgetchar


RETURN CODE: 0

-------------------------------------------------------------------------------
Test: hunting minint |
----------------------

% ./golf /home/profs/aycock/411/TEST/final/gen.t8 > out.s

STDERR:


RETURN CODE: 0

% /home/profs/aycock/411/bin/spim -file out.s

STDOUT:
Loaded: /home/profs/aycock/411/sw/share/spim/exceptions.s
The following symbols are undefined:
Lhalt
Lprinti
Lprints



STDERR:
spim: (parser) Can't put data in text segment on line 72 of file out.s
	  .asciiz "true
"

	                 ^
spim: (parser) Can't put data in text segment on line 73 of file out.s
	  .asciiz "false
"

	                  ^
spim: (parser) syntax error on line 77 of file out.s
	  li $a0, true_str

	                  ^
Instruction references undefined symbol at 0x004000ac
  [0x004000ac]	0x0c000000  jal 0x00000000 [Lprints]        ; 57: jal Lprints


RETURN CODE: 0

-------------------------------------------------------------------------------
Test: negating minint |
-----------------------

% ./golf /home/profs/aycock/411/TEST/final/gen.t9 > out.s

STDERR:
Error: integer literal out of range at or near line 7


RETURN CODE: 1

(GoLF compiler unsuccessful, skipping test)

-------------------------------------------------------------------------------
Test: minint div and mod |
--------------------------

% ./golf /home/profs/aycock/411/TEST/final/gen.t10 > out.s

STDERR:
Error: integer literal out of range at or near line 4


RETURN CODE: 1

(GoLF compiler unsuccessful, skipping test)

-------------------------------------------------------------------------------
Test: division by zero |
------------------------

% ./golf /home/profs/aycock/411/TEST/final/gen.t11 > out.s

STDERR:


RETURN CODE: 0

% /home/profs/aycock/411/bin/spim -file out.s

STDOUT:
Loaded: /home/profs/aycock/411/sw/share/spim/exceptions.s
The following symbols are undefined:
Lhalt
Lprinti
Lprints

  Exception 9  [Breakpoint]  occurred and ignored


STDERR:
spim: (parser) Can't put data in text segment on line 31 of file out.s
	  .asciiz "true
"

	                 ^
spim: (parser) Can't put data in text segment on line 32 of file out.s
	  .asciiz "false
"

	                  ^
spim: (parser) syntax error on line 36 of file out.s
	  li $a0, true_str

	                  ^
Exception occurred at PC=0x00400044
Instruction references undefined symbol at 0x00400054
  [0x00400054]	0x0c000000  jal 0x00000000 [Lprinti]        ; 21: jal Lprinti


RETURN CODE: 0

-------------------------------------------------------------------------------
Test: basic Booleans |
----------------------

% ./golf /home/profs/aycock/411/TEST/final/gen.t12 > out.s

STDERR:


RETURN CODE: 0

% /home/profs/aycock/411/bin/spim -file out.s

STDOUT:
Loaded: /home/profs/aycock/411/sw/share/spim/exceptions.s
The following symbols are undefined:
Lhalt
Lprints



STDERR:
spim: (parser) Can't put data in text segment on line 47 of file out.s
	  .asciiz "true
"

	                 ^
spim: (parser) Can't put data in text segment on line 48 of file out.s
	  .asciiz "false
"

	                  ^
spim: (parser) syntax error on line 52 of file out.s
	  li $a0, true_str

	                  ^
Instruction references undefined symbol at 0x00400078
  [0x00400078]	0x0c000000  jal 0x00000000 [Lprints]        ; 39: jal Lprints


RETURN CODE: 0

-------------------------------------------------------------------------------
Test: string escapes |
----------------------

% ./golf /home/profs/aycock/411/TEST/final/gen.t13 > out.s

STDERR:
Error: bad string escape ']' at or near line 10


RETURN CODE: 1

(GoLF compiler unsuccessful, skipping test)

-------------------------------------------------------------------------------
Test: all your base are belong to us |
--------------------------------------

% ./golf /home/profs/aycock/411/TEST/final/gen.t14 > out.s

STDERR:
Error: this function can't return a value at or near line 2


RETURN CODE: 1

(GoLF compiler unsuccessful, skipping test)

-------------------------------------------------------------------------------
Test: short-circuiting |
------------------------

% ./golf /home/profs/aycock/411/TEST/final/gen.t15 > out.s

STDERR:


RETURN CODE: 0

% /home/profs/aycock/411/bin/spim -file out.s

STDOUT:
Loaded: /home/profs/aycock/411/sw/share/spim/exceptions.s
The following symbols are undefined:
Lhalt
Lprintb
Lprints
Lmain



STDERR:
spim: (parser) syntax error on line 264 of file out.s
	  	 $t5, $t3, $t4
	    ^
Instruction references undefined symbol at 0x00400030
  [0x00400030]	0x0c000000  jal 0x00000000 [Lmain]          ; 189: jal Lmain


RETURN CODE: 0

-------------------------------------------------------------------------------
Test: dynamic semantic check |
------------------------------

% ./golf /home/profs/aycock/411/TEST/final/gen.t16 > out.s

STDERR:


RETURN CODE: 0

% /home/profs/aycock/411/bin/spim -file out.s

STDOUT:
Loaded: /home/profs/aycock/411/sw/share/spim/exceptions.s
The following symbols are undefined:
Lhalt



STDERR:
spim: (parser) syntax error on line 33 of file out.s
	  move $a0, 

	            ^
Attempt to execute non-instruction at 0x00400070


RETURN CODE: 0

-------------------------------------------------------------------------------
Test: less obvious division by zero |
-------------------------------------

% ./golf /home/profs/aycock/411/TEST/final/gen.t17 > out.s

STDERR:


RETURN CODE: 0

% /home/profs/aycock/411/bin/spim -file out.s

STDOUT:
Loaded: /home/profs/aycock/411/sw/share/spim/exceptions.s
The following symbols are undefined:
Lhalt
Lprinti

  Exception 9  [Breakpoint]  occurred and ignored


STDERR:
spim: (parser) Can't put data in text segment on line 43 of file out.s
	  .asciiz "true
"

	                 ^
spim: (parser) Can't put data in text segment on line 44 of file out.s
	  .asciiz "false
"

	                  ^
spim: (parser) syntax error on line 48 of file out.s
	  li $a0, true_str

	                  ^
Exception occurred at PC=0x0040006c
Instruction references undefined symbol at 0x0040007c
  [0x0040007c]	0x0c000000  jal 0x00000000 [Lprinti]        ; 27: jal Lprinti


RETURN CODE: 0

-------------------------------------------------------------------------------
Test: recursive-descent calculator |
------------------------------------

% ./golf /home/profs/aycock/411/TEST/final/gen.t18 > out.s

STDERR:
Error: unexpected }, expected ; at or near line 71


RETURN CODE: 1

(GoLF compiler unsuccessful, skipping test)

-------------------------------------------------------------------------------
Test: string operations |
-------------------------

% ./golf /home/profs/aycock/411/TEST/final/gen.t19 > out.s

STDERR:


RETURN CODE: 0

% /home/profs/aycock/411/bin/spim -file out.s

STDOUT:
Loaded: /home/profs/aycock/411/sw/share/spim/exceptions.s
The following symbols are undefined:
Lhalt
Lprinti
Lprints
Lmain
Llen



STDERR:
spim: (parser) syntax error on line 353 of file out.s
	  	seteq $t3, $t1, $t2
	         ^
Instruction references undefined symbol at 0x00400024
  [0x00400024]	0x0c000000  jal 0x00000000 [Lmain]          ; 299: jal Lmain


RETURN CODE: 0

-------------------------------------------------------------------------------
Test: redefining built-ins |
----------------------------

% ./golf /home/profs/aycock/411/TEST/final/gen.t20 > out.s

STDERR:


*** TERMINATION VIA SIGNAL: Segmentation fault

(GoLF compiler unsuccessful, skipping test)

-------------------------------------------------------------------------------
Test: register blow-out |
-------------------------

% ./golf /home/profs/aycock/411/TEST/final/gen.t21 > out.s

STDERR:
Error: expression too complicated


RETURN CODE: 1

(GoLF compiler unsuccessful, skipping test)

-------------------------------------------------------------------------------
Test: nested "for" loops |
--------------------------

% ./golf /home/profs/aycock/411/TEST/final/gen.t22 > out.s

STDERR:


RETURN CODE: 0

% /home/profs/aycock/411/bin/spim -file out.s

STDOUT:
Loaded: /home/profs/aycock/411/sw/share/spim/exceptions.s
The following symbols are undefined:
Lhalt
Lprinti
Lprints
L3for
L1for



STDERR:
spim: (parser) syntax error on line 50 of file out.s
	  	seteq $t2, $t0, $t1
	         ^
Instruction references undefined symbol at 0x00400050
  [0x00400050]	0x11400000  beq $10, $0, 0 [L1for-0x00400050]; 28: beqz $t2, L1for


RETURN CODE: 0

-------------------------------------------------------------------------------
Test: EOF and scope |
---------------------

% ./golf /home/profs/aycock/411/TEST/final/gen.t23 > out.s

STDERR:


RETURN CODE: 0

% /home/profs/aycock/411/bin/spim -file out.s < /home/profs/aycock/411/TEST/final/input/gen.t23.in

STDIN:
The quick brown fox jumps over the lazy dog.


STDOUT:
Loaded: /home/profs/aycock/411/sw/share/spim/exceptions.s
The following symbols are undefined:
Lhalt
Lgetchar
L1for

  Exception 4  [Address error in inst/data fetch]  occurred and ignored


STDERR:
spim: (parser) syntax error on line 34 of file out.s
	  	seteq $t2, $t0, 
	         ^
Exception occurred at PC=0x00400048
  Unaligned address in inst/data fetch: 0x00000001
Instruction references undefined symbol at 0x0040004c
  [0x0040004c]	0x11000000  beq $8, $0, 0 [L1for-0x0040004c]; 27: beqz $t0, L1for


RETURN CODE: 0

-------------------------------------------------------------------------------
Test: banners |
---------------

% ./golf /home/profs/aycock/411/TEST/final/gen.t24 > out.s

STDERR:


RETURN CODE: 0

% /home/profs/aycock/411/bin/spim -file out.s

STDOUT:
Loaded: /home/profs/aycock/411/sw/share/spim/exceptions.s
The following symbols are undefined:
Lhalt
Lprintc
Lprints
Llen



STDERR:
spim: (parser) Can't put data in text segment on line 463 of file out.s
	  .asciiz "true
"

	                 ^
spim: (parser) Can't put data in text segment on line 464 of file out.s
	  .asciiz "false
"

	                  ^
spim: (parser) syntax error on line 468 of file out.s
	  li $a0, true_str

	                  ^
Instruction references undefined symbol at 0x00400374
  [0x00400374]	0x0c000000  jal 0x00000000 [Llen]           ; 325: jal Llen


RETURN CODE: 0

-------------------------------------------------------------------------------
Test: div and mod table |
-------------------------

% ./golf /home/profs/aycock/411/TEST/final/gen.t25 > out.s

STDERR:
Error: attempting to free unallocated register


RETURN CODE: 1

(GoLF compiler unsuccessful, skipping test)

-------------------------------------------------------------------------------
Test: basic maze generation from Entombed (1982) |
--------------------------------------------------

% ./golf /home/profs/aycock/411/TEST/final/gen.entombed > out.s

STDERR:


*** TERMINATION VIA SIGNAL: Segmentation fault

(GoLF compiler unsuccessful, skipping test)

-------------------------------------------------------------------------------
Test: the Game of Life |
------------------------

% ./golf /home/profs/aycock/411/TEST/final/gen.life > out.s

STDERR:


*** TERMINATION VIA SIGNAL: Segmentation fault

(GoLF compiler unsuccessful, skipping test)

-------------------------------------------------------------------------------
Test: selection sort |
----------------------

% ./golf /home/profs/aycock/411/TEST/final/gen.select > out.s

STDERR:


*** TERMINATION VIA SIGNAL: Segmentation fault

(GoLF compiler unsuccessful, skipping test)

-------------------------------------------------------------------------------
Test: prime number sieve |
--------------------------

% ./golf /home/profs/aycock/411/TEST/final/gen.sieve > out.s

STDERR:


*** TERMINATION VIA SIGNAL: Segmentation fault

(GoLF compiler unsuccessful, skipping test)

Run ended on Wed Apr 12 14:13:47 2023

